<?xml version="1.0" encoding="UTF-8"?>
<testng-results skipped="0" failed="0" ignored="0" total="2" passed="2">
  <reporter-output>
  </reporter-output>
  <suite name="Default suite" duration-ms="62244" started-at="2020-07-06T00:39:18 IST" finished-at="2020-07-06T00:40:21 IST">
    <groups>
    </groups>
    <test name="Default test" duration-ms="62244" started-at="2020-07-06T00:39:18 IST" finished-at="2020-07-06T00:40:21 IST">
      <class name="qa.testcases.LoginPageTest">
        <test-method status="PASS" signature="setUp()[pri:0, instance:qa.testcases.LoginPageTest@9660f4e]" name="setUp" is-config="true" duration-ms="42577" started-at="2020-07-06T00:39:19 IST" finished-at="2020-07-06T00:40:01 IST">
          <reporter-output>
          </reporter-output>
        </test-method> <!-- setUp -->
        <test-method status="PASS" signature="loginPageHeaderTest()[pri:0, instance:qa.testcases.LoginPageTest@9660f4e]" name="loginPageHeaderTest" duration-ms="1249" started-at="2020-07-06T00:40:01 IST" finished-at="2020-07-06T00:40:02 IST">
          <reporter-output>
          </reporter-output>
        </test-method> <!-- loginPageHeaderTest -->
        <test-method status="PASS" signature="tearDown()[pri:0, instance:qa.testcases.LoginPageTest@9660f4e]" name="tearDown" is-config="true" duration-ms="2313" started-at="2020-07-06T00:40:02 IST" finished-at="2020-07-06T00:40:05 IST">
          <reporter-output>
          </reporter-output>
        </test-method> <!-- tearDown -->
        <test-method status="PASS" signature="setUp()[pri:0, instance:qa.testcases.LoginPageTest@9660f4e]" name="setUp" is-config="true" duration-ms="14088" started-at="2020-07-06T00:40:05 IST" finished-at="2020-07-06T00:40:19 IST">
          <reporter-output>
          </reporter-output>
        </test-method> <!-- setUp -->
        <test-method status="PASS" signature="loginTest()[pri:0, instance:qa.testcases.LoginPageTest@9660f4e]" name="loginTest" duration-ms="911" started-at="2020-07-06T00:40:19 IST" finished-at="2020-07-06T00:40:20 IST">
          <reporter-output>
          </reporter-output>
        </test-method> <!-- loginTest -->
        <test-method status="PASS" signature="tearDown()[pri:0, instance:qa.testcases.LoginPageTest@9660f4e]" name="tearDown" is-config="true" duration-ms="991" started-at="2020-07-06T00:40:20 IST" finished-at="2020-07-06T00:40:21 IST">
          <reporter-output>
          </reporter-output>
        </test-method> <!-- tearDown -->
      </class> <!-- qa.testcases.LoginPageTest -->
    </test> <!-- Default test -->
  </suite> <!-- Default suite -->
</testng-results>
